#
# A fatal error has been detected by the Java Runtime Environment:
#
#  EXCEPTION_ACCESS_VIOLATION (0xc0000005) at pc=0x0000000002a1f5d3, pid=15808, tid=11628
#
# JRE version: Java(TM) SE Runtime Environment (7.0_79-b15) (build 1.7.0_79-b15)
# Java VM: Java HotSpot(TM) 64-Bit Server VM (24.79-b02 mixed mode windows-amd64 compressed oops)
# Problematic frame:
# J 50 C2 Pan.paintComponent(Ljava/awt/Graphics;)V (5560 bytes) @ 0x0000000002a1f5d3 [0x0000000002a1d860+0x1d73]
#
# Failed to write core dump. Minidumps are not enabled by default on client versions of Windows
#
# If you would like to submit a bug report, please visit:
#   http://bugreport.java.com/bugreport/crash.jsp
#

---------------  T H R E A D  ---------------

Current thread (0x00000000097c1000):  JavaThread "AWT-EventQueue-0" [_thread_in_Java, id=11628, stack(0x000000000f7b0000,0x000000000f8b0000)]

siginfo: ExceptionCode=0xc0000005, reading address 0x00000004c50618ac

Registers:
RAX=0x0000000000000002, RBX=0x00000000c50618a0, RCX=0x0000000000000002, RDX=0x000000000f8ac9c8
RSP=0x000000000f8aca40, RBP=0x00000000c5061a20, RSI=0x00000000ed59ed50, RDI=0x0000000000000008
R8 =0x0000000000000001, R9 =0x00000000ffffffff, R10=0x00000000c5061a90, R11=0x0000000000000000
R12=0x0000000000000000, R13=0x0000000002a1edb0, R14=0x000000000f8aca30, R15=0x00000000097c1000
RIP=0x0000000002a1f5d3, EFLAGS=0x0000000000010293

Top of Stack: (sp=0x000000000f8aca40)
0x000000000f8aca40:   00000000c5005e80 c506173000000001
0x000000000f8aca50:   00000000ed59ed50 0000000000000008
0x000000000f8aca60:   c50618a0c50613d0 c5061730c5061580
0x000000000f8aca70:   ffffffff00000000 0000000200000001
0x000000000f8aca80:   0000000300000000 0000000300000004
0x000000000f8aca90:   0000000000000002 0000000000000001
0x000000000f8acaa0:   0000000100000002 00000000c5005ca0
0x000000000f8acab0:   0000000000000003 0000000000000003
0x000000000f8acac0:   000000000f8acb28 00000000029760f8
0x000000000f8acad0:   00000000029760f8 00000000ed59ed50
0x000000000f8acae0:   00000000c5005e80 000000000f8acae8
0x000000000f8acaf0:   00000000c0090dc6 000000000f8acbb0
0x000000000f8acb00:   00000000c027e0e0 0000000000000000
0x000000000f8acb10:   00000000c0090e68 000000000f8acad8
0x000000000f8acb20:   000000000f8acba8 000000000f8acbf8
0x000000000f8acb30:   00000000029760f8 0000000000000000 

Instructions: (pc=0x0000000002a1f5d3)
0x0000000002a1f5b3:   8b 4c 24 44 45 3b cb 0f 83 d9 4b 00 00 4c 8b 5c
0x0000000002a1f5c3:   24 50 46 8b 5c 9d 14 8b 5c 24 24 44 8b 4c 24 34
0x0000000002a1f5d3:   46 8b 4c 8b 10 44 89 4c 24 0c 45 85 db 0f 84 0f
0x0000000002a1f5e3:   1f 00 00 44 8b 4c 24 34 44 3b cf 0f 83 bd 4b 00 


Register to memory mapping:

RAX=0x0000000000000002 is an unknown value
RBX=0x00000000c50618a0 is an oop
[[I 
 - klass: {type array int}[]
 - length: 8
RCX=0x0000000000000002 is an unknown value
RDX=0x000000000f8ac9c8 is pointing into the stack for thread: 0x00000000097c1000
RSP=0x000000000f8aca40 is pointing into the stack for thread: 0x00000000097c1000
RBP=0x00000000c5061a20 is an oop
[I 
 - klass: {type array int}
 - length: 8
RSI=0x00000000ed59ed50 is an oop
sun.java2d.SunGraphics2D 
 - klass: 'sun/java2d/SunGraphics2D'
RDI=0x0000000000000008 is an unknown value
R8 =0x0000000000000001 is an unknown value
R9 =0x00000000ffffffff is an unallocated location in the heap
R10=0x00000000c5061a90 is an oop
[I 
 - klass: {type array int}
 - length: 12
R11=0x0000000000000000 is an unknown value
R12=0x0000000000000000 is an unknown value
R13=0x0000000002a1edb0 is at entry_point+5456 in (nmethod*)0x0000000002a1c650
R14=0x000000000f8aca30 is pointing into the stack for thread: 0x00000000097c1000
R15=0x00000000097c1000 is a thread


Stack: [0x000000000f7b0000,0x000000000f8b0000],  sp=0x000000000f8aca40,  free space=1010k
Native frames: (J=compiled Java code, j=interpreted, Vv=VM code, C=native code)
J 50 C2 Pan.paintComponent(Ljava/awt/Graphics;)V (5560 bytes) @ 0x0000000002a1f5d3 [0x0000000002a1d860+0x1d73]
j  javax.swing.JComponent.paint(Ljava/awt/Graphics;)V+286
j  javax.swing.JComponent.paintToOffscreen(Ljava/awt/Graphics;IIIIII)V+41
j  javax.swing.RepaintManager$PaintManager.paintDoubleBuffered(Ljavax/swing/JComponent;Ljava/awt/Image;Ljava/awt/Graphics;IIII)V+163
j  javax.swing.RepaintManager$PaintManager.paint(Ljavax/swing/JComponent;Ljavax/swing/JComponent;Ljava/awt/Graphics;IIII)Z+116
j  javax.swing.RepaintManager.paint(Ljavax/swing/JComponent;Ljavax/swing/JComponent;Ljava/awt/Graphics;IIII)V+52
j  javax.swing.JComponent._paintImmediately(IIII)V+683
j  javax.swing.JComponent.paintImmediately(IIII)V+138
j  javax.swing.RepaintManager$3.run()Ljava/lang/Void;+75
j  javax.swing.RepaintManager$3.run()Ljava/lang/Object;+1
v  ~StubRoutines::call_stub


---------------  P R O C E S S  ---------------

Java Threads: ( => current thread )
  0x000000000983c000 JavaThread "D3D Screen Updater" daemon [_thread_blocked, id=6388, stack(0x000000000f9b0000,0x000000000fab0000)]
=>0x00000000097c1000 JavaThread "AWT-EventQueue-0" [_thread_in_Java, id=11628, stack(0x000000000f7b0000,0x000000000f8b0000)]
  0x0000000009765800 JavaThread "AWT-Windows" daemon [_thread_in_native, id=14816, stack(0x0000000009dc0000,0x0000000009ec0000)]
  0x0000000009764800 JavaThread "AWT-Shutdown" [_thread_blocked, id=6548, stack(0x0000000009cc0000,0x0000000009dc0000)]
  0x0000000009761000 JavaThread "Java2D Disposer" daemon [_thread_blocked, id=1220, stack(0x0000000009af0000,0x0000000009bf0000)]
  0x000000000822f800 JavaThread "Service Thread" daemon [_thread_blocked, id=15700, stack(0x0000000009380000,0x0000000009480000)]
  0x000000000822b000 JavaThread "C2 CompilerThread1" daemon [_thread_blocked, id=464, stack(0x0000000009280000,0x0000000009380000)]
  0x0000000008226000 JavaThread "C2 CompilerThread0" daemon [_thread_blocked, id=10032, stack(0x0000000009180000,0x0000000009280000)]
  0x0000000008224800 JavaThread "Attach Listener" daemon [_thread_blocked, id=4548, stack(0x0000000009080000,0x0000000009180000)]
  0x0000000008223000 JavaThread "Signal Dispatcher" daemon [_thread_blocked, id=9176, stack(0x0000000008f80000,0x0000000009080000)]
  0x00000000081e7800 JavaThread "Finalizer" daemon [_thread_blocked, id=6628, stack(0x0000000008e80000,0x0000000008f80000)]
  0x00000000081df800 JavaThread "Reference Handler" daemon [_thread_blocked, id=3956, stack(0x0000000008d80000,0x0000000008e80000)]
  0x000000000286e000 JavaThread "main" [_thread_in_Java, id=10424, stack(0x00000000026a0000,0x00000000027a0000)]

Other Threads:
  0x00000000081db000 VMThread [stack: 0x0000000008c80000,0x0000000008d80000] [id=13504]
  0x000000000823a800 WatcherThread [stack: 0x0000000009480000,0x0000000009580000] [id=14568]

VM state:not at safepoint (normal execution)

VM Mutex/Monitor currently owned by a thread: None

Heap
 PSYoungGen      total 29696K, used 17599K [0x00000000ec500000, 0x00000000ee580000, 0x0000000100000000)
  eden space 29184K, 60% used [0x00000000ec500000,0x00000000ed61fed0,0x00000000ee180000)
  from space 512K, 12% used [0x00000000ee200000,0x00000000ee210000,0x00000000ee280000)
  to   space 2048K, 0% used [0x00000000ee380000,0x00000000ee380000,0x00000000ee580000)
 ParOldGen       total 39936K, used 1196K [0x00000000c5000000, 0x00000000c7700000, 0x00000000ec500000)
  object space 39936K, 2% used [0x00000000c5000000,0x00000000c512b060,0x00000000c7700000)
 PSPermGen       total 21504K, used 7925K [0x00000000bfe00000, 0x00000000c1300000, 0x00000000c5000000)
  object space 21504K, 36% used [0x00000000bfe00000,0x00000000c05bd4e8,0x00000000c1300000)

Card table byte_map: [0x0000000005970000,0x0000000005b80000] byte_map_base: 0x0000000005371000

Polling page: 0x0000000000a60000

Code Cache  [0x0000000002970000, 0x0000000002be0000, 0x0000000005970000)
 total_blobs=556 nmethods=180 adapters=329 free_code_cache=48268Kb largest_free_block=49375680

Compilation events (10 events):
Event: 6.018 Thread 0x0000000008226000  188             javax.swing.SwingUtilities::getWindowAncestor (31 bytes)
Event: 6.020 Thread 0x0000000008226000 nmethod 188 0x00000000029ee750 code [0x00000000029ee8a0, 0x00000000029ee9b8]
Event: 6.030 Thread 0x000000000822b000  189             java.security.AccessControlContext::optimize (319 bytes)
Event: 6.041 Thread 0x000000000822b000 nmethod 189 0x00000000029e8bd0 code [0x00000000029e8d40, 0x00000000029e97c8]
Event: 6.345 Thread 0x0000000008226000  190             sun.awt.AWTAutoShutdown::isReadyToShutdown (35 bytes)
Event: 6.346 Thread 0x0000000008226000 nmethod 190 0x00000000029ed550 code [0x00000000029ed6a0, 0x00000000029ed788]
Event: 6.504 Thread 0x000000000822b000  191             java.lang.Enum::ordinal (5 bytes)
Event: 6.504 Thread 0x000000000822b000 nmethod 191 0x00000000029e89d0 code [0x00000000029e8b00, 0x00000000029e8b58]
Event: 6.535 Thread 0x0000000008226000  192             java.util.concurrent.locks.ReentrantLock$Sync::nonfairTryAcquire (67 bytes)
Event: 6.537 Thread 0x0000000008226000 nmethod 192 0x00000000029f3e90 code [0x00000000029f3fc0, 0x00000000029f4078]

GC Heap History (10 events):
Event: 3.372 GC heap before
{Heap before GC invocations=5 (full 0):
 PSYoungGen      total 17920K, used 16576K [0x00000000ec500000, 0x00000000ed900000, 0x0000000100000000)
  eden space 15360K, 100% used [0x00000000ec500000,0x00000000ed400000,0x00000000ed400000)
  from space 2560K, 47% used [0x00000000ed680000,0x00000000ed7b0000,0x00000000ed900000)
  to   space 2560K, 0% used [0x00000000ed400000,0x00000000ed400000,0x00000000ed680000)
 ParOldGen       total 39936K, used 16K [0x00000000c5000000, 0x00000000c7700000, 0x00000000ec500000)
  object space 39936K, 0% used [0x00000000c5000000,0x00000000c5004000,0x00000000c7700000)
 PSPermGen       total 21504K, used 7877K [0x00000000bfe00000, 0x00000000c1300000, 0x00000000c5000000)
  object space 21504K, 36% used [0x00000000bfe00000,0x00000000c05b16e8,0x00000000c1300000)
Event: 3.378 GC heap after
Heap after GC invocations=5 (full 0):
 PSYoungGen      total 17920K, used 1200K [0x00000000ec500000, 0x00000000ee600000, 0x0000000100000000)
  eden space 15360K, 0% used [0x00000000ec500000,0x00000000ec500000,0x00000000ed400000)
  from space 2560K, 46% used [0x00000000ed400000,0x00000000ed52c010,0x00000000ed680000)
  to   space 1536K, 0% used [0x00000000ee480000,0x00000000ee480000,0x00000000ee600000)
 ParOldGen       total 39936K, used 16K [0x00000000c5000000, 0x00000000c7700000, 0x00000000ec500000)
  object space 39936K, 0% used [0x00000000c5000000,0x00000000c5004000,0x00000000c7700000)
 PSPermGen       total 21504K, used 7877K [0x00000000bfe00000, 0x00000000c1300000, 0x00000000c5000000)
  object space 21504K, 36% used [0x00000000bfe00000,0x00000000c05b16e8,0x00000000c1300000)
}
Event: 3.781 GC heap before
{Heap before GC invocations=6 (full 0):
 PSYoungGen      total 17920K, used 16560K [0x00000000ec500000, 0x00000000ee600000, 0x0000000100000000)
  eden space 15360K, 100% used [0x00000000ec500000,0x00000000ed400000,0x00000000ed400000)
  from space 2560K, 46% used [0x00000000ed400000,0x00000000ed52c010,0x00000000ed680000)
  to   space 1536K, 0% used [0x00000000ee480000,0x00000000ee480000,0x00000000ee600000)
 ParOldGen       total 39936K, used 16K [0x00000000c5000000, 0x00000000c7700000, 0x00000000ec500000)
  object space 39936K, 0% used [0x00000000c5000000,0x00000000c5004000,0x00000000c7700000)
 PSPermGen       total 21504K, used 7881K [0x00000000bfe00000, 0x00000000c1300000, 0x00000000c5000000)
  object space 21504K, 36% used [0x00000000bfe00000,0x00000000c05b25b8,0x00000000c1300000)
Event: 3.786 GC heap after
Heap after GC invocations=6 (full 0):
 PSYoungGen      total 32256K, used 1216K [0x00000000ec500000, 0x00000000ee600000, 0x0000000100000000)
  eden space 30720K, 0% used [0x00000000ec500000,0x00000000ec500000,0x00000000ee300000)
  from space 1536K, 79% used [0x00000000ee480000,0x00000000ee5b0000,0x00000000ee600000)
  to   space 1536K, 0% used [0x00000000ee300000,0x00000000ee300000,0x00000000ee480000)
 ParOldGen       total 39936K, used 16K [0x00000000c5000000, 0x00000000c7700000, 0x00000000ec500000)
  object space 39936K, 0% used [0x00000000c5000000,0x00000000c5004000,0x00000000c7700000)
 PSPermGen       total 21504K, used 7881K [0x00000000bfe00000, 0x00000000c1300000, 0x00000000c5000000)
  object space 21504K, 36% used [0x00000000bfe00000,0x00000000c05b25b8,0x00000000c1300000)
}
Event: 4.570 GC heap before
{Heap before GC invocations=7 (full 0):
 PSYoungGen      total 32256K, used 31936K [0x00000000ec500000, 0x00000000ee600000, 0x0000000100000000)
  eden space 30720K, 100% used [0x00000000ec500000,0x00000000ee300000,0x00000000ee300000)
  from space 1536K, 79% used [0x00000000ee480000,0x00000000ee5b0000,0x00000000ee600000)
  to   space 1536K, 0% used [0x00000000ee300000,0x00000000ee300000,0x00000000ee480000)
 ParOldGen       total 39936K, used 16K [0x00000000c5000000, 0x00000000c7700000, 0x00000000ec500000)
  object space 39936K, 0% used [0x00000000c5000000,0x00000000c5004000,0x00000000c7700000)
 PSPermGen       total 21504K, used 7899K [0x00000000bfe00000, 0x00000000c1300000, 0x00000000c5000000)
  object space 21504K, 36% used [0x00000000bfe00000,0x00000000c05b6df0,0x00000000c1300000)
Event: 4.575 GC heap after
Heap after GC invocations=7 (full 0):
 PSYoungGen      total 30720K, used 64K [0x00000000ec500000, 0x00000000ee580000, 0x0000000100000000)
  eden space 30208K, 0% used [0x00000000ec500000,0x00000000ec500000,0x00000000ee280000)
  from space 512K, 12% used [0x00000000ee300000,0x00000000ee310000,0x00000000ee380000)
  to   space 1536K, 0% used [0x00000000ee400000,0x00000000ee400000,0x00000000ee580000)
 ParOldGen       total 39936K, used 1188K [0x00000000c5000000, 0x00000000c7700000, 0x00000000ec500000)
  object space 39936K, 2% used [0x00000000c5000000,0x00000000c5129060,0x00000000c7700000)
 PSPermGen       total 21504K, used 7899K [0x00000000bfe00000, 0x00000000c1300000, 0x00000000c5000000)
  object space 21504K, 36% used [0x00000000bfe00000,0x00000000c05b6df0,0x00000000c1300000)
}
Event: 5.353 GC heap before
{Heap before GC invocations=8 (full 0):
 PSYoungGen      total 30720K, used 30272K [0x00000000ec500000, 0x00000000ee580000, 0x0000000100000000)
  eden space 30208K, 100% used [0x00000000ec500000,0x00000000ee280000,0x00000000ee280000)
  from space 512K, 12% used [0x00000000ee300000,0x00000000ee310000,0x00000000ee380000)
  to   space 1536K, 0% used [0x00000000ee400000,0x00000000ee400000,0x00000000ee580000)
 ParOldGen       total 39936K, used 1188K [0x00000000c5000000, 0x00000000c7700000, 0x00000000ec500000)
  object space 39936K, 2% used [0x00000000c5000000,0x00000000c5129060,0x00000000c7700000)
 PSPermGen       total 21504K, used 7919K [0x00000000bfe00000, 0x00000000c1300000, 0x00000000c5000000)
  object space 21504K, 36% used [0x00000000bfe00000,0x00000000c05bbf00,0x00000000c1300000)
Event: 5.356 GC heap after
Heap after GC invocations=8 (full 0):
 PSYoungGen      total 31232K, used 64K [0x00000000ec500000, 0x00000000ee600000, 0x0000000100000000)
  eden space 29696K, 0% used [0x00000000ec500000,0x00000000ec500000,0x00000000ee200000)
  from space 1536K, 4% used [0x00000000ee400000,0x00000000ee410000,0x00000000ee580000)
  to   space 2048K, 0% used [0x00000000ee200000,0x00000000ee200000,0x00000000ee400000)
 ParOldGen       total 39936K, used 1196K [0x00000000c5000000, 0x00000000c7700000, 0x00000000ec500000)
  object space 39936K, 2% used [0x00000000c5000000,0x00000000c512b060,0x00000000c7700000)
 PSPermGen       total 21504K, used 7919K [0x00000000bfe00000, 0x00000000c1300000, 0x00000000c5000000)
  object space 21504K, 36% used [0x00000000bfe00000,0x00000000c05bbf00,0x00000000c1300000)
}
Event: 6.155 GC heap before
{Heap before GC invocations=9 (full 0):
 PSYoungGen      total 31232K, used 29760K [0x00000000ec500000, 0x00000000ee600000, 0x0000000100000000)
  eden space 29696K, 100% used [0x00000000ec500000,0x00000000ee200000,0x00000000ee200000)
  from space 1536K, 4% used [0x00000000ee400000,0x00000000ee410000,0x00000000ee580000)
  to   space 2048K, 0% used [0x00000000ee200000,0x00000000ee200000,0x00000000ee400000)
 ParOldGen       total 39936K, used 1196K [0x00000000c5000000, 0x00000000c7700000, 0x00000000ec500000)
  object space 39936K, 2% used [0x00000000c5000000,0x00000000c512b060,0x00000000c7700000)
 PSPermGen       total 21504K, used 7921K [0x00000000bfe00000, 0x00000000c1300000, 0x00000000c5000000)
  object space 21504K, 36% used [0x00000000bfe00000,0x00000000c05bc5d0,0x00000000c1300000)
Event: 6.156 GC heap after
Heap after GC invocations=9 (full 0):
 PSYoungGen      total 29696K, used 64K [0x00000000ec500000, 0x00000000ee580000, 0x0000000100000000)
  eden space 29184K, 0% used [0x00000000ec500000,0x00000000ec500000,0x00000000ee180000)
  from space 512K, 12% used [0x00000000ee200000,0x00000000ee210000,0x00000000ee280000)
  to   space 2048K, 0% used [0x00000000ee380000,0x00000000ee380000,0x00000000ee580000)
 ParOldGen       total 39936K, used 1196K [0x00000000c5000000, 0x00000000c7700000, 0x00000000ec500000)
  object space 39936K, 2% used [0x00000000c5000000,0x00000000c512b060,0x00000000c7700000)
 PSPermGen       total 21504K, used 7921K [0x00000000bfe00000, 0x00000000c1300000, 0x00000000c5000000)
  object space 21504K, 36% used [0x00000000bfe00000,0x00000000c05bc5d0,0x00000000c1300000)
}

Deoptimization events (10 events):
Event: 0.504 Thread 0x000000000286e000 Uncommon trap: reason=unreached action=reinterpret pc=0x00000000029f6c78 method=java.util.IdentityHashMap.get(Ljava/lang/Object;)Ljava/lang/Object; @ 31
Event: 0.504 Thread 0x00000000097c1000 Uncommon trap: reason=unreached action=reinterpret pc=0x00000000029f40e4 method=java.util.IdentityHashMap.get(Ljava/lang/Object;)Ljava/lang/Object; @ 31
Event: 2.283 Thread 0x000000000983c000 Uncommon trap: reason=predicate action=maybe_recompile pc=0x0000000002a185d0 method=java.util.Arrays.fill([Ljava/lang/Object;Ljava/lang/Object;)V @ 10
Event: 2.612 Thread 0x00000000097c1000 Uncommon trap: reason=unreached action=reinterpret pc=0x0000000002a05cd0 method=java.util.concurrent.locks.AbstractQueuedSynchronizer.release(I)Z @ 14
Event: 2.613 Thread 0x00000000097c1000 Uncommon trap: reason=unreached action=reinterpret pc=0x0000000002a0606c method=java.util.concurrent.locks.AbstractQueuedSynchronizer.release(I)Z @ 14
Event: 2.633 Thread 0x00000000097c1000 Uncommon trap: reason=unreached action=reinterpret pc=0x0000000002a19c04 method=sun.java2d.SunGraphics2D.setColor(Ljava/awt/Color;)V @ 9
Event: 2.867 Thread 0x000000000983c000 Uncommon trap: reason=array_check action=maybe_recompile pc=0x0000000002a411b4 method=java.util.Arrays.fill([Ljava/lang/Object;Ljava/lang/Object;)V @ 13
Event: 2.869 Thread 0x000000000983c000 Uncommon trap: reason=array_check action=maybe_recompile pc=0x0000000002a411b4 method=java.util.Arrays.fill([Ljava/lang/Object;Ljava/lang/Object;)V @ 13
Event: 2.871 Thread 0x000000000983c000 Uncommon trap: reason=array_check action=maybe_recompile pc=0x0000000002a411b4 method=java.util.Arrays.fill([Ljava/lang/Object;Ljava/lang/Object;)V @ 13
Event: 2.872 Thread 0x000000000983c000 Uncommon trap: reason=array_check action=maybe_recompile pc=0x0000000002a411b4 method=java.util.Arrays.fill([Ljava/lang/Object;Ljava/lang/Object;)V @ 13

Internal exceptions (10 events):
Event: 0.312 Thread 0x000000000286e000 Threw 0x00000000ec733cb8 at C:\re\jdk7u79\2331\hotspot\src\share\vm\prims\jvm.cpp:1304
Event: 0.313 Thread 0x000000000286e000 Threw 0x00000000ec7372f0 at C:\re\jdk7u79\2331\hotspot\src\share\vm\prims\jvm.cpp:1304
Event: 0.313 Thread 0x000000000286e000 Threw 0x00000000ec737418 at C:\re\jdk7u79\2331\hotspot\src\share\vm\prims\jvm.cpp:1304
Event: 0.347 Thread 0x000000000286e000 Threw 0x00000000ec76b010 at C:\re\jdk7u79\2331\hotspot\src\share\vm\prims\jvm.cpp:1304
Event: 0.348 Thread 0x000000000286e000 Threw 0x00000000ec76ca60 at C:\re\jdk7u79\2331\hotspot\src\share\vm\prims\jvm.cpp:1304
Event: 0.349 Thread 0x000000000286e000 Threw 0x00000000ec76dbf0 at C:\re\jdk7u79\2331\hotspot\src\share\vm\prims\jvm.cpp:1304
Event: 0.350 Thread 0x000000000286e000 Threw 0x00000000ec76ed58 at C:\re\jdk7u79\2331\hotspot\src\share\vm\prims\jvm.cpp:1304
Event: 0.424 Thread 0x00000000097c1000 Implicit null exception at 0x00000000029e9205 to 0x00000000029e937d
Event: 2.612 Thread 0x00000000097c1000 Implicit null exception at 0x0000000002a05c75 to 0x0000000002a05cc1
Event: 2.613 Thread 0x00000000097c1000 Implicit null exception at 0x0000000002a05fff to 0x0000000002a0605d

Events (10 events):
Event: 5.444 Thread 0x0000000008226000 flushing nmethod 0x00000000029e9e10
Event: 5.444 Thread 0x0000000008226000 flushing nmethod 0x00000000029ea650
Event: 5.551 Thread 0x0000000008226000 flushing nmethod 0x00000000029ed190
Event: 5.551 Thread 0x0000000008226000 flushing nmethod 0x00000000029ee510
Event: 5.551 Thread 0x0000000008226000 flushing nmethod 0x00000000029efc90
Event: 5.551 Thread 0x0000000008226000 flushing nmethod 0x00000000029f0ad0
Event: 5.715 Thread 0x0000000008226000 flushing nmethod 0x00000000029f3e90
Event: 5.715 Thread 0x0000000008226000 flushing nmethod 0x00000000029f6710
Event: 6.155 Executing VM operation: ParallelGCFailedAllocation
Event: 6.156 Executing VM operation: ParallelGCFailedAllocation done


Dynamic libraries:
0x00007ff7600a0000 - 0x00007ff7600d3000 	C:\Windows\system32\java.exe
0x00007ffd8bbc0000 - 0x00007ffd8bdb0000 	C:\Windows\SYSTEM32\ntdll.dll
0x00007ffd8a6a0000 - 0x00007ffd8a752000 	C:\Windows\System32\KERNEL32.DLL
0x00007ffd896f0000 - 0x00007ffd89993000 	C:\Windows\System32\KERNELBASE.dll
0x00007ffd8b610000 - 0x00007ffd8b6b3000 	C:\Windows\System32\ADVAPI32.dll
0x00007ffd8a8c0000 - 0x00007ffd8a95e000 	C:\Windows\System32\msvcrt.dll
0x00007ffd8a0f0000 - 0x00007ffd8a187000 	C:\Windows\System32\sechost.dll
0x00007ffd8b9a0000 - 0x00007ffd8bac0000 	C:\Windows\System32\RPCRT4.dll
0x00007ffd8b730000 - 0x00007ffd8b8c4000 	C:\Windows\System32\USER32.dll
0x00007ffd892d0000 - 0x00007ffd892f1000 	C:\Windows\System32\win32u.dll
0x00007ffd8b5e0000 - 0x00007ffd8b606000 	C:\Windows\System32\GDI32.dll
0x00007ffd89550000 - 0x00007ffd896e4000 	C:\Windows\System32\gdi32full.dll
0x00007ffd89a20000 - 0x00007ffd89abe000 	C:\Windows\System32\msvcp_win.dll
0x00007ffd89b70000 - 0x00007ffd89c6a000 	C:\Windows\System32\ucrtbase.dll
0x00007ffd79d40000 - 0x00007ffd79fc5000 	C:\Windows\WinSxS\amd64_microsoft.windows.common-controls_6595b64144ccf1df_6.0.18362.535_none_e6c3b34713100821\COMCTL32.dll
0x00007ffd8a360000 - 0x00007ffd8a696000 	C:\Windows\System32\combase.dll
0x00007ffd899a0000 - 0x00007ffd89a20000 	C:\Windows\System32\bcryptPrimitives.dll
0x00007ffd8a760000 - 0x00007ffd8a78e000 	C:\Windows\System32\IMM32.DLL
0x0000000058bf0000 - 0x0000000058cc2000 	C:\Program Files\Java\jre7\bin\msvcr100.dll
0x0000000058410000 - 0x0000000058be5000 	C:\Program Files\Java\jre7\bin\server\jvm.dll
0x00007ffd89c70000 - 0x00007ffd89c78000 	C:\Windows\System32\PSAPI.DLL
0x00007ffd72e40000 - 0x00007ffd72e49000 	C:\Windows\system32\WSOCK32.dll
0x00007ffd86af0000 - 0x00007ffd86b14000 	C:\Windows\system32\WINMM.dll
0x00007ffd8b120000 - 0x00007ffd8b18f000 	C:\Windows\System32\WS2_32.dll
0x00007ffd86670000 - 0x00007ffd8669d000 	C:\Windows\system32\WINMMBASE.dll
0x00007ffd89ac0000 - 0x00007ffd89b0a000 	C:\Windows\System32\cfgmgr32.dll
0x0000000058400000 - 0x000000005840f000 	C:\Program Files\Java\jre7\bin\verify.dll
0x00000000583d0000 - 0x00000000583f8000 	C:\Program Files\Java\jre7\bin\java.dll
0x00000000583b0000 - 0x00000000583c5000 	C:\Program Files\Java\jre7\bin\zip.dll
0x0000000058210000 - 0x00000000583a5000 	C:\Program Files\Java\jre7\bin\awt.dll
0x00007ffd8b8d0000 - 0x00007ffd8b994000 	C:\Windows\System32\OLEAUT32.dll
0x00007ffd86d40000 - 0x00007ffd86dcf000 	C:\Windows\SYSTEM32\apphelp.dll
0x00007ffd87340000 - 0x00007ffd8736d000 	C:\Windows\system32\DWMAPI.DLL
0x00007ffd86e10000 - 0x00007ffd86ea9000 	C:\Windows\system32\uxtheme.dll
0x00007ffd8b370000 - 0x00007ffd8b4a5000 	C:\Windows\System32\MSCTF.dll
0x00007ffd8b190000 - 0x00007ffd8b2e6000 	C:\Windows\System32\ole32.dll
0x00007ffd88aa0000 - 0x00007ffd88ab1000 	C:\Windows\System32\kernel.appcore.dll
0x00007ffd57820000 - 0x00007ffd579e7000 	C:\Windows\system32\d3d9.dll
0x00007ffd88b50000 - 0x00007ffd892cf000 	C:\Windows\System32\windows.storage.dll
0x00007ffd8b4b0000 - 0x00007ffd8b559000 	C:\Windows\System32\shcore.dll
0x00007ffd88b30000 - 0x00007ffd88b4f000 	C:\Windows\System32\profapi.dll
0x00007ffd88ac0000 - 0x00007ffd88b0a000 	C:\Windows\System32\powrprof.dll
0x00007ffd88a90000 - 0x00007ffd88aa0000 	C:\Windows\System32\UMPDC.dll
0x00007ffd8bb20000 - 0x00007ffd8bb72000 	C:\Windows\System32\shlwapi.dll
0x00007ffd87700000 - 0x00007ffd87720000 	C:\Windows\SYSTEM32\dxcore.dll
0x00007ffd7f650000 - 0x00007ffd7f82d000 	C:\Windows\System32\DriverStore\FileRepository\u0346830.inf_amd64_35731e557194973d\B345901\aticfx64.dll
0x00007ffd83c40000 - 0x00007ffd83c4a000 	C:\Windows\system32\VERSION.dll
0x00007ffd7de20000 - 0x00007ffd7de50000 	C:\Windows\System32\DriverStore\FileRepository\u0346830.inf_amd64_35731e557194973d\B345901\atiu9p64.dll
0x00007ffd4a8f0000 - 0x00007ffd4b5be000 	C:\Windows\System32\DriverStore\FileRepository\u0346830.inf_amd64_35731e557194973d\B345901\atiumd64.dll
0x00007ffd8a960000 - 0x00007ffd8b045000 	C:\Windows\System32\SHELL32.dll
0x00007ffd89480000 - 0x00007ffd89497000 	C:\Windows\System32\cryptsp.dll
0x00007ffd7a160000 - 0x00007ffd7a354000 	C:\Windows\system32\dbghelp.dll
0x00007ffd7a0a0000 - 0x00007ffd7a0ca000 	C:\Windows\system32\dbgcore.DLL
0x0000000057470000 - 0x0000000058204000 	C:\Windows\System32\DriverStore\FileRepository\u0346830.inf_amd64_35731e557194973d\B345901\atiumd6a.dll
0x0000000057420000 - 0x0000000057467000 	C:\Program Files\Java\jre7\bin\fontmanager.dll
0x00007ffd81d40000 - 0x00007ffd81dde000 	C:\Windows\System32\TextInputFramework.dll
0x00007ffd86a10000 - 0x00007ffd86ae4000 	C:\Windows\System32\CoreMessaging.dll
0x00007ffd83fa0000 - 0x00007ffd842ca000 	C:\Windows\System32\CoreUIComponents.dll
0x00007ffd87ac0000 - 0x00007ffd87af1000 	C:\Windows\SYSTEM32\ntmarta.dll
0x00007ffd84a60000 - 0x00007ffd84bb3000 	C:\Windows\SYSTEM32\wintypes.dll
0x00007ffd7f3a0000 - 0x00007ffd7f646000 	C:\Windows\System32\iertutil.dll
0x0000000056ac0000 - 0x0000000056ada000 	C:\Program Files\Java\jre7\bin\net.dll
0x00007ffd882a0000 - 0x00007ffd88307000 	C:\Windows\system32\mswsock.dll
0x0000000056aa0000 - 0x0000000056ab1000 	C:\Program Files\Java\jre7\bin\nio.dll
0x0000000056a50000 - 0x0000000056a91000 	C:\Program Files\Java\jre7\bin\t2k.dll

VM Arguments:
java_command: Dames
Launcher Type: SUN_STANDARD

Environment Variables:
PATH=C:\app\Utilisateur\product\21c\dbhomeXE\bin;C:\Windows\system32;C:\Windows;C:\Windows\System32\Wbem;C:\Windows\System32\WindowsPowerShell\v1.0\;C:\Windows\System32\OpenSSH\;C:\Users\Utilisateur\AppData\Local\Programs\Python\Python310\Scripts\;C:\Users\Utilisateur\AppData\Local\Programs\Python\Python310\;C:\Users\Utilisateur\AppData\Local\Microsoft\WindowsApps;C:\Program Files\Java\jdk1.7.0_79\bin;C:\Users\Utilisateur\AppData\Local\Programs\Anaconda;
USERNAME=Utilisateur
OS=Windows_NT
PROCESSOR_IDENTIFIER=AMD64 Family 21 Model 101 Stepping 1, AuthenticAMD



---------------  S Y S T E M  ---------------

OS: Windows 8.1 , 64 bit Build 9600 

CPU:total 2 (2 cores per cpu, 1 threads per core) family 21 model 101 stepping 1, cmov, cx8, fxsr, mmx, sse, sse2, sse3, ssse3, sse4.1, sse4.2, popcnt, avx, avx2, aes, mmxext, 3dnowpref, lzcnt, sse4a, tsc, tscinvbit, tscinv

Memory: 4k page, physical 3860436k(1760088k free), swap 7172848k(1251464k free)

vm_info: Java HotSpot(TM) 64-Bit Server VM (24.79-b02) for windows-amd64 JRE (1.7.0_79-b15), built on Apr 10 2015 12:36:16 by "java_re" with unknown MS VC++:1600

time: Wed Oct 19 11:27:23 2022
elapsed time: 6 seconds

